27/Aug/2021 14:52:54,604- Main: Hello World : this is a debug message
27/Aug/2021 14:52:54,605- Main: Hello World : this is an info message
27/Aug/2021 14:53:13,616- Main: Hello World : this is a debug message
27/Aug/2021 14:53:13,619- Main: Hello World : this is an info message
27/Aug/2021 14:53:35,500- Main: Hello World : this is a debug message
27/Aug/2021 14:53:35,503- Main: Hello World : this is an info message
27/Aug/2021 14:55:19,473- Main: Hello World : this is a debug message
27/Aug/2021 14:55:19,475- Main: Hello World : this is an info message
27/Aug/2021 15:21:21,150- Main: Hello World : this is a debug message
27/Aug/2021 15:21:21,151- Main: Hello World : this is an info message
27/Aug/2021 15:21:50,387- Main: Hello World : this is a debug message
27/Aug/2021 15:21:50,388- Main: Hello World : this is an info message
03/Sep/2021 13:20:04,505- Main: Hello World : this is a debug message
03/Sep/2021 13:20:04,509- Main: Hello World : this is an info message
03/Sep/2021 13:20:35,530- Main: Hello World : this is a debug message
03/Sep/2021 13:20:35,533- Main: Hello World : this is an info message
03/Sep/2021 13:21:00,046- Main: Hello World : this is a debug message
03/Sep/2021 13:21:00,049- Main: Hello World : this is an info message
03/Sep/2021 13:25:13,628- Main: Hello World : this is a debug message
03/Sep/2021 13:25:13,632- Main: Hello World : this is an info message
03/Sep/2021 13:28:55,078- Main: Hello World : this is a debug message
03/Sep/2021 13:28:55,081- Main: Hello World : this is an info message
03/Sep/2021 13:38:25,319- Main: Hello World : this is a debug message
03/Sep/2021 13:38:25,320- Main: Hello World : this is an info message
03/Sep/2021 13:49:52,562- Main: Hello World : this is a debug message
03/Sep/2021 13:49:52,564- Main: Hello World : this is an info message
03/Sep/2021 13:50:30,461- Main: Hello World : this is a debug message
03/Sep/2021 13:50:30,463- Main: Hello World : this is an info message
03/Sep/2021 13:55:23,377- Main: Hello World : this is a debug message
03/Sep/2021 13:55:23,420- Main: Hello World : this is an info message
03/Sep/2021 13:56:27,793- Main: Hello World : this is a debug message
03/Sep/2021 13:56:27,796- Main: Hello World : this is an info message
03/Sep/2021 13:59:23,477- Main: Hello World : this is a debug message
03/Sep/2021 13:59:23,481- Main: Hello World : this is an info message
03/Sep/2021 14:00:08,042- Main: Hello World : this is a debug message
03/Sep/2021 14:00:08,045- Main: Hello World : this is an info message
03/Sep/2021 14:00:35,435- Main: Hello World : this is a debug message
03/Sep/2021 14:00:35,437- Main: Hello World : this is an info message
03/Sep/2021 14:02:30,181- Main: Hello World : this is a debug message
03/Sep/2021 14:02:30,184- Main: Hello World : this is an info message
03/Sep/2021 14:04:53,977- Main: Hello World : this is a debug message
03/Sep/2021 14:04:53,982- Main: Hello World : this is an info message
03/Sep/2021 14:44:23,344- Main: Hello World : this is a debug message
03/Sep/2021 14:44:23,371- Main: Hello World : this is an info message
03/Sep/2021 14:45:41,206- Main: Hello World : this is a debug message
03/Sep/2021 14:45:41,214- Main: Hello World : this is an info message
03/Sep/2021 20:41:07,332- Main: Tiene4vidas
03/Sep/2021 20:41:07,360- Main: Puede continuar
03/Sep/2021 20:41:07,361- Main: El numero de vidas restantes es:
03/Sep/2021 20:41:07,362- Main: 4
03/Sep/2021 20:41:07,362- Main: El numero de vidas restantes es:
03/Sep/2021 20:41:07,364- Main: 5
03/Sep/2021 20:41:07,365- Main: El numero de vidas restantes es:
03/Sep/2021 20:41:07,366- Main: 5
03/Sep/2021 20:41:07,367- Main: El numero de vidas restantes es:
03/Sep/2021 20:41:07,367- Main: 5
03/Sep/2021 20:41:07,368- Main: Felicidades a alcanzado un nuevo record
03/Sep/2021 20:41:07,369- Main: 5
03/Sep/2021 20:41:07,369- Main: Felicidades a alcanzado un nuevo record
03/Sep/2021 20:41:07,370- Main: 5
11/Sep/2021 16:13:03,004- MainPersona: Es una persona distintafalse
11/Sep/2021 16:13:18,639- MainPersona: Es una persona distintafalse
11/Sep/2021 16:14:37,029- MainPersona: Es una persona distinta: co.edu.ucundinamarca.taller2.Persona@b8ecbf00y co.edu.ucundinamarca.taller2.Persona@5970d519
11/Sep/2021 16:16:19,351- MainPersona: Es una persona distinta: co.edu.ucundinamarca.taller2.Persona@b8ecbf00y co.edu.ucundinamarca.taller2.Persona@5970d519
11/Sep/2021 16:16:19,353- MainPersona: La persona es la misma: co.edu.ucundinamarca.taller2.Persona@b8ecbf00y co.edu.ucundinamarca.taller2.Persona@b8ecbf00
11/Sep/2021 16:17:08,995- MainPersona: Es una persona distinta: co.edu.ucundinamarca.taller2.Persona@b8ecbf00 y co.edu.ucundinamarca.taller2.Persona@5970d519
11/Sep/2021 16:17:08,996- MainPersona: La persona es la misma: co.edu.ucundinamarca.taller2.Persona@b8ecbf00 y co.edu.ucundinamarca.taller2.Persona@b8ecbf00
11/Sep/2021 16:19:00,441- MainPersona: Es una persona distinta: (co.edu.ucundinamarca.taller2.Persona@b8ecbf00) y (co.edu.ucundinamarca.taller2.Persona@5970d519)
11/Sep/2021 16:19:00,442- MainPersona: La persona es la misma: (co.edu.ucundinamarca.taller2.Persona@b8ecbf00) y (co.edu.ucundinamarca.taller2.Persona@b8ecbf00)
13/Sep/2021 17:50:42,100- MainAnimal: El animal es distinto: (co.edu.ucundinamarca.taller2.Animal@74d6c2d9) y (co.edu.ucundinamarca.taller2.Animal@282c9bb7)
13/Sep/2021 17:50:42,102- MainAnimal: El animal es el mismo: (co.edu.ucundinamarca.taller2.Animal@74d6c2d9) y (co.edu.ucundinamarca.taller2.Animal@74d6c2d9)
13/Sep/2021 17:55:41,768- MainColegio: Hay1
13/Sep/2021 18:02:53,411- MainColegio: Digite la nacionalidad del alumno
13/Sep/2021 18:02:59,374- MainColegio: Hay 1Alumnos
13/Sep/2021 18:02:59,376- MainColegio: Digite la nacionalidad del alumno
13/Sep/2021 18:03:18,453- MainColegio: Hay 2Alumnos
13/Sep/2021 18:03:18,454- MainColegio: Digite la nacionalidad del alumno
13/Sep/2021 18:03:19,743- MainColegio: Hay 3Alumnos
13/Sep/2021 18:03:19,743- MainColegio: Digite la nacionalidad del alumno
13/Sep/2021 18:03:20,967- MainColegio: Hay 4Alumnos
13/Sep/2021 18:03:20,967- MainColegio: Digite la nacionalidad del alumno
13/Sep/2021 18:03:22,991- MainColegio: Hay 5Alumnos
13/Sep/2021 18:03:22,991- MainColegio: Digite la nacionalidad del alumno
13/Sep/2021 18:03:23,503- MainColegio: Hay 6Alumnos
13/Sep/2021 18:04:37,092- MainColegio: Digite la nacionalidad del alumno
13/Sep/2021 18:04:44,595- MainColegio: Digite la nacionalidad del alumno
13/Sep/2021 18:04:53,741- MainColegio: Digite la nacionalidad del alumno
13/Sep/2021 18:05:00,153- MainColegio: Digite la nacionalidad del alumno
13/Sep/2021 18:05:05,543- MainColegio: Digite la nacionalidad del alumno
13/Sep/2021 18:05:12,328- MainColegio: Digite la nacionalidad del alumno
13/Sep/2021 18:05:35,371- MainColegio: Hay 6 Alumnos
13/Sep/2021 18:11:15,124- MainColegio: Digite la nacionalidad del alumno
13/Sep/2021 18:13:26,289- MainColegio: Digite la nacionalidad del alumno
13/Sep/2021 18:13:52,337- MainColegio: Digite la nacionalidad del alumno
13/Sep/2021 18:13:58,397- MainColegio: Digite la nacionalidad del alumno
13/Sep/2021 18:14:06,286- MainColegio: Digite la nacionalidad del alumno
13/Sep/2021 18:14:11,406- MainColegio: Digite la nacionalidad del alumno
13/Sep/2021 18:14:26,583- MainColegio: Digite la nacionalidad del alumno
13/Sep/2021 18:14:32,909- MainColegio: Hay 6 Alumnos
13/Sep/2021 18:14:32,909- MainColegio: Alumno 1co.edu.ucundinamarca.taller2.Colegio@2a3046da
13/Sep/2021 18:14:32,910- MainColegio: Alumno 2co.edu.ucundinamarca.taller2.Colegio@2a098129
13/Sep/2021 18:14:32,910- MainColegio: Alumno 3co.edu.ucundinamarca.taller2.Colegio@198e2867
13/Sep/2021 18:14:32,910- MainColegio: Alumno 4co.edu.ucundinamarca.taller2.Colegio@12f40c25
13/Sep/2021 18:14:32,910- MainColegio: Alumno 5co.edu.ucundinamarca.taller2.Colegio@3ada9e37
13/Sep/2021 18:14:32,911- MainColegio: Alumno 6co.edu.ucundinamarca.taller2.Colegio@5cbc508c
13/Sep/2021 18:22:36,859- MainColegio: Digite la nacionalidad del alumno
13/Sep/2021 18:22:46,296- MainColegio: Digite la nacionalidad del alumno
13/Sep/2021 18:22:54,139- MainColegio: Digite la nacionalidad del alumno
13/Sep/2021 18:22:57,139- MainColegio: Digite la nacionalidad del alumno
13/Sep/2021 18:23:09,813- MainColegio: Digite la nacionalidad del alumno
13/Sep/2021 18:23:16,498- MainColegio: Digite la nacionalidad del alumno
13/Sep/2021 18:23:28,587- MainColegio: Hay 6 Alumnos
13/Sep/2021 18:23:28,588- MainColegio: Alumno 1co.edu.ucundinamarca.taller2.Colegio@2a3046da
13/Sep/2021 18:23:28,588- MainColegio: Alumno 2co.edu.ucundinamarca.taller2.Colegio@2a098129
13/Sep/2021 18:23:28,589- MainColegio: Alumno 3co.edu.ucundinamarca.taller2.Colegio@198e2867
13/Sep/2021 18:23:28,589- MainColegio: Alumno 4co.edu.ucundinamarca.taller2.Colegio@12f40c25
13/Sep/2021 18:23:28,589- MainColegio: Alumno 5co.edu.ucundinamarca.taller2.Colegio@3ada9e37
13/Sep/2021 18:23:28,590- MainColegio: Alumno 6co.edu.ucundinamarca.taller2.Colegio@5cbc508c
13/Sep/2021 18:42:18,586- MainColegio: Digite la nacionalidad del alumno
13/Sep/2021 18:42:25,021- MainColegio: Digite la nacionalidad del alumno
13/Sep/2021 18:42:28,740- MainColegio: Hay 2 Alumnos
13/Sep/2021 18:42:28,741- MainColegio: Alumno 1AlumnoCOLOMBIANA
13/Sep/2021 18:42:28,741- MainColegio: Alumno 2AlumnoMEXICANO
13/Sep/2021 18:43:11,655- MainColegio: Digite la nacionalidad del alumno
13/Sep/2021 18:43:16,359- MainColegio: Digite la nacionalidad del alumno
13/Sep/2021 18:43:20,517- MainColegio: Hay 2 Alumnos
13/Sep/2021 18:43:20,518- MainColegio: Alumno 1COLOMBIANA
13/Sep/2021 18:43:20,518- MainColegio: Alumno 2MEXICANO
13/Sep/2021 20:56:08,786- MainColegio: Digite la nacionalidad del alumno
13/Sep/2021 20:56:10,849- MainColegio: Digite la nacionalidad del alumno
13/Sep/2021 20:56:11,306- MainColegio: Digite la nacionalidad del alumno
13/Sep/2021 20:56:11,493- MainColegio: Digite la nacionalidad del alumno
13/Sep/2021 20:56:11,830- MainColegio: Digite la nacionalidad del alumno
13/Sep/2021 20:56:12,044- MainColegio: Hay 6 Alumnos
13/Sep/2021 21:07:59,031- MainSeleccion: Digite el nombre del jugador
13/Sep/2021 21:08:07,253- MainSeleccion: Digite el nombre del jugador
13/Sep/2021 21:08:10,600- MainSeleccion: Digite el nombre del jugador
13/Sep/2021 21:08:12,675- MainSeleccion: Digite el nombre del jugador
13/Sep/2021 21:08:33,901- MainSeleccion: Digite el nombre del jugador
13/Sep/2021 21:08:36,208- MainSeleccion: Digite el nombre del jugador
13/Sep/2021 21:08:38,564- MainSeleccion: Digite el nombre del jugador
13/Sep/2021 21:08:42,148- MainSeleccion: Digite el nombre del jugador
13/Sep/2021 21:10:44,057- MainSeleccion: Digite el nombre del jugador
13/Sep/2021 21:10:45,459- MainSeleccion: Digite el nombre del jugador
13/Sep/2021 21:10:47,473- MainSeleccion: john
13/Sep/2021 21:10:47,473- MainSeleccion: lopez
13/Sep/2021 21:10:47,474- MainSeleccion: james
13/Sep/2021 21:10:47,474- MainSeleccion: falcao
13/Sep/2021 21:10:47,474- MainSeleccion: cuadrado
13/Sep/2021 21:10:47,474- MainSeleccion: cardona
13/Sep/2021 21:10:47,474- MainSeleccion: zapata
13/Sep/2021 21:10:47,475- MainSeleccion: medina
13/Sep/2021 21:10:47,475- MainSeleccion: dsdad
13/Sep/2021 21:10:47,475- MainSeleccion: sdetg
13/Sep/2021 21:46:39,531- MainSeleccion: Digite el nombre del jugador
13/Sep/2021 21:46:45,722- MainSeleccion: Digite el nombre del jugador
13/Sep/2021 21:46:47,320- MainSeleccion: Digite el nombre del jugador
13/Sep/2021 21:46:47,526- MainSeleccion: Digite el nombre del jugador
13/Sep/2021 21:46:47,712- MainSeleccion: Digite el nombre del jugador
13/Sep/2021 21:46:47,892- MainSeleccion: Digite el nombre del jugador
13/Sep/2021 21:46:48,129- MainSeleccion: Digite el nombre del jugador
13/Sep/2021 21:46:48,368- MainSeleccion: Digite el nombre del jugador
13/Sep/2021 21:46:48,749- MainSeleccion: Digite el nombre del jugador
13/Sep/2021 21:46:48,993- MainSeleccion: Digite el nombre del jugador
13/Sep/2021 21:46:49,457- MainSeleccion: El nombre del jugador es: null
13/Sep/2021 21:46:49,457- MainSeleccion: El nombre del jugador es: null
13/Sep/2021 21:46:49,458- MainSeleccion: El nombre del jugador es: null
13/Sep/2021 21:46:49,458- MainSeleccion: El nombre del jugador es: null
13/Sep/2021 21:46:49,458- MainSeleccion: El nombre del jugador es: null
13/Sep/2021 21:46:49,458- MainSeleccion: El nombre del jugador es: null
13/Sep/2021 21:46:49,459- MainSeleccion: El nombre del jugador es: null
13/Sep/2021 21:46:49,459- MainSeleccion: El nombre del jugador es: null
13/Sep/2021 21:46:49,459- MainSeleccion: El nombre del jugador es: null
13/Sep/2021 21:46:49,459- MainSeleccion: El nombre del jugador es: null
13/Sep/2021 21:47:07,326- MainDias: lunes
13/Sep/2021 21:47:07,327- MainDias: Martes
13/Sep/2021 21:47:07,327- MainDias: MIercoles
13/Sep/2021 21:47:07,328- MainDias: Jueves
13/Sep/2021 21:47:07,328- MainDias: Viernes
13/Sep/2021 21:47:07,329- MainDias: Sabado
13/Sep/2021 21:47:07,329- MainDias: Domingo
14/Sep/2021 10:39:44,039- MainDias: lunes
14/Sep/2021 10:39:44,061- MainDias: Martes
14/Sep/2021 10:39:44,062- MainDias: Miercoles
14/Sep/2021 10:39:44,063- MainDias: Jueves
14/Sep/2021 10:39:44,063- MainDias: Viernes
14/Sep/2021 10:39:44,064- MainDias: Sabado
14/Sep/2021 10:39:44,064- MainDias: Domingo
14/Sep/2021 10:51:15,224- MainDias: lunes
14/Sep/2021 10:51:15,227- MainDias: Martes
14/Sep/2021 10:51:15,228- MainDias: Miercoles
14/Sep/2021 10:51:15,229- MainDias: Jueves
14/Sep/2021 10:51:15,230- MainDias: Viernes
14/Sep/2021 10:51:15,230- MainDias: Sabado
14/Sep/2021 10:51:15,231- MainDias: Domingo
14/Sep/2021 10:51:15,232- MainDias: Que dia desea obtener
14/Sep/2021 10:51:19,512- MainDias: Jueves
14/Sep/2021 10:52:10,225- MainDias: lunes
14/Sep/2021 10:52:10,227- MainDias: Martes
14/Sep/2021 10:52:10,228- MainDias: Miercoles
14/Sep/2021 10:52:10,230- MainDias: Jueves
14/Sep/2021 10:52:10,230- MainDias: Viernes
14/Sep/2021 10:52:10,231- MainDias: Sabado
14/Sep/2021 10:52:10,231- MainDias: Domingo
14/Sep/2021 10:52:10,231- MainDias: Que dia desea obtener
14/Sep/2021 10:52:13,989- MainDias: Miercoles
14/Sep/2021 10:52:40,451- MainDias: lunes
14/Sep/2021 10:52:40,455- MainDias: Martes
14/Sep/2021 10:52:40,456- MainDias: Miercoles
14/Sep/2021 10:52:40,457- MainDias: Jueves
14/Sep/2021 10:52:40,460- MainDias: Viernes
14/Sep/2021 10:52:40,461- MainDias: Sabado
14/Sep/2021 10:52:40,462- MainDias: Domingo
14/Sep/2021 10:52:40,463- MainDias: Que dia desea obtener
14/Sep/2021 10:52:43,470- MainDias: lunes
14/Sep/2021 10:53:06,279- MainDias: lunes
14/Sep/2021 10:53:06,280- MainDias: Martes
14/Sep/2021 10:53:06,281- MainDias: Miercoles
14/Sep/2021 10:53:06,281- MainDias: Jueves
14/Sep/2021 10:53:06,282- MainDias: Viernes
14/Sep/2021 10:53:06,282- MainDias: Sabado
14/Sep/2021 10:53:06,282- MainDias: Domingo
14/Sep/2021 10:53:06,283- MainDias: Que dia desea obtener
14/Sep/2021 10:53:11,673- MainDias: Viernes
14/Sep/2021 13:07:01,387- MainSeleccion: Digite el nombre del jugador
14/Sep/2021 13:07:04,678- MainSeleccion: Digite el nombre del jugador
14/Sep/2021 13:07:08,493- MainSeleccion: Digite el nombre del jugador
14/Sep/2021 13:07:20,236- MainSeleccion: Digite el nombre del jugador
14/Sep/2021 13:07:22,116- MainSeleccion: Digite el nombre del jugador
14/Sep/2021 13:07:27,774- MainSeleccion: Digite el nombre del jugador
14/Sep/2021 13:07:29,667- MainSeleccion: Digite el nombre del jugador
14/Sep/2021 13:07:30,922- MainSeleccion: Digite el nombre del jugador
14/Sep/2021 13:07:32,676- MainSeleccion: Digite el nombre del jugador
14/Sep/2021 13:07:34,130- MainSeleccion: Digite el nombre del jugador
14/Sep/2021 13:07:35,291- MainSeleccion: El nombre del jugador es: dadda
14/Sep/2021 13:07:35,291- MainSeleccion: El nombre del jugador es: rgred
14/Sep/2021 13:07:35,292- MainSeleccion: El nombre del jugador es: james
14/Sep/2021 13:07:35,292- MainSeleccion: El nombre del jugador es: dsds
14/Sep/2021 13:07:35,292- MainSeleccion: El nombre del jugador es: ass
14/Sep/2021 13:07:35,292- MainSeleccion: El nombre del jugador es: fefea
14/Sep/2021 13:07:35,293- MainSeleccion: El nombre del jugador es: sds
14/Sep/2021 13:07:35,293- MainSeleccion: El nombre del jugador es: fdfffd
14/Sep/2021 13:07:35,293- MainSeleccion: El nombre del jugador es: sda
14/Sep/2021 13:07:35,293- MainSeleccion: El nombre del jugador es: dsds
14/Sep/2021 13:07:35,294- MainSeleccion: El jugador no esta
14/Sep/2021 13:08:27,092- MainSeleccion: Digite el nombre del jugador
14/Sep/2021 13:08:31,037- MainSeleccion: Digite el nombre del jugador
14/Sep/2021 13:08:33,372- MainSeleccion: Digite el nombre del jugador
14/Sep/2021 13:08:34,511- MainSeleccion: Digite el nombre del jugador
14/Sep/2021 13:08:36,437- MainSeleccion: Digite el nombre del jugador
14/Sep/2021 13:08:38,138- MainSeleccion: Digite el nombre del jugador
14/Sep/2021 13:08:40,874- MainSeleccion: Digite el nombre del jugador
14/Sep/2021 13:08:44,632- MainSeleccion: Digite el nombre del jugador
14/Sep/2021 13:08:45,584- MainSeleccion: Digite el nombre del jugador
14/Sep/2021 13:08:46,790- MainSeleccion: Digite el nombre del jugador
14/Sep/2021 13:08:47,997- MainSeleccion: El nombre del jugador es: dasdsa
14/Sep/2021 13:08:47,997- MainSeleccion: El nombre del jugador es: dsadsa
14/Sep/2021 13:08:47,997- MainSeleccion: El nombre del jugador es: sdada
14/Sep/2021 13:08:47,998- MainSeleccion: El nombre del jugador es: fsfsfs
14/Sep/2021 13:08:47,998- MainSeleccion: El nombre del jugador es: sdssa
14/Sep/2021 13:08:47,998- MainSeleccion: El nombre del jugador es: james
14/Sep/2021 13:08:47,998- MainSeleccion: El nombre del jugador es: sdafs
14/Sep/2021 13:08:47,999- MainSeleccion: El nombre del jugador es: sdsds
14/Sep/2021 13:08:47,999- MainSeleccion: El nombre del jugador es: sdasad
14/Sep/2021 13:08:48,000- MainSeleccion: El nombre del jugador es: sdsa
14/Sep/2021 13:08:48,000- MainSeleccion: El jugador no esta
14/Sep/2021 13:09:27,313- MainSeleccion: Digite el nombre del jugador
14/Sep/2021 13:09:31,441- MainSeleccion: Digite el nombre del jugador
14/Sep/2021 13:09:32,250- MainSeleccion: Digite el nombre del jugador
14/Sep/2021 13:09:33,331- MainSeleccion: Digite el nombre del jugador
14/Sep/2021 13:09:34,253- MainSeleccion: Digite el nombre del jugador
14/Sep/2021 13:09:35,214- MainSeleccion: Digite el nombre del jugador
14/Sep/2021 13:09:35,876- MainSeleccion: Digite el nombre del jugador
14/Sep/2021 13:09:36,656- MainSeleccion: Digite el nombre del jugador
14/Sep/2021 13:09:37,629- MainSeleccion: Digite el nombre del jugador
14/Sep/2021 13:09:38,453- MainSeleccion: Digite el nombre del jugador
14/Sep/2021 13:09:39,326- MainSeleccion: El nombre del jugador es: james
14/Sep/2021 13:09:39,326- MainSeleccion: El nombre del jugador es: sdasdas
14/Sep/2021 13:09:39,326- MainSeleccion: El nombre del jugador es: gdgdsd
14/Sep/2021 13:09:39,326- MainSeleccion: El nombre del jugador es: sdsafs
14/Sep/2021 13:09:39,327- MainSeleccion: El nombre del jugador es: fssaas
14/Sep/2021 13:09:39,327- MainSeleccion: El nombre del jugador es: sadfa
14/Sep/2021 13:09:39,327- MainSeleccion: El nombre del jugador es: sadasda
14/Sep/2021 13:09:39,327- MainSeleccion: El nombre del jugador es: sdadas
14/Sep/2021 13:09:39,328- MainSeleccion: El nombre del jugador es: dsdasda
14/Sep/2021 13:09:39,328- MainSeleccion: El nombre del jugador es: dsdsda
14/Sep/2021 13:09:39,328- MainSeleccion: El jugador no esta
14/Sep/2021 13:11:28,586- MainSeleccion: Digite el nombre del jugador
14/Sep/2021 13:11:34,187- MainSeleccion: Digite el nombre del jugador
14/Sep/2021 13:11:36,989- MainSeleccion: Digite el nombre del jugador
14/Sep/2021 13:11:38,346- MainSeleccion: Digite el nombre del jugador
14/Sep/2021 13:11:39,915- MainSeleccion: Digite el nombre del jugador
14/Sep/2021 13:11:40,827- MainSeleccion: Digite el nombre del jugador
14/Sep/2021 13:11:41,496- MainSeleccion: Digite el nombre del jugador
14/Sep/2021 13:11:42,390- MainSeleccion: Digite el nombre del jugador
14/Sep/2021 13:11:43,463- MainSeleccion: Digite el nombre del jugador
14/Sep/2021 13:11:44,501- MainSeleccion: Digite el nombre del jugador
14/Sep/2021 13:11:45,620- MainSeleccion: El nombre del jugador es: james
14/Sep/2021 13:11:45,620- MainSeleccion: El nombre del jugador es: eegedsdsa
14/Sep/2021 13:11:45,621- MainSeleccion: El nombre del jugador es: gdggdg
14/Sep/2021 13:11:45,621- MainSeleccion: El nombre del jugador es: xcxzczc
14/Sep/2021 13:11:45,621- MainSeleccion: El nombre del jugador es: hfgdf
14/Sep/2021 13:11:45,621- MainSeleccion: El nombre del jugador es: sds
14/Sep/2021 13:11:45,621- MainSeleccion: El nombre del jugador es: sadfas
14/Sep/2021 13:11:45,622- MainSeleccion: El nombre del jugador es: sfsafs
14/Sep/2021 13:11:45,622- MainSeleccion: El nombre del jugador es: sdfas
14/Sep/2021 13:11:45,622- MainSeleccion: El nombre del jugador es: sfs
14/Sep/2021 13:11:45,622- MainSeleccion: El jugador no esta
14/Sep/2021 16:19:08,198- MainSeleccion: Digite el nombre del jugador
14/Sep/2021 16:19:11,999- MainSeleccion: Digite el nombre del jugador
14/Sep/2021 16:19:13,947- MainSeleccion: Digite el nombre del jugador
14/Sep/2021 16:19:14,979- MainSeleccion: Digite el nombre del jugador
14/Sep/2021 16:19:16,149- MainSeleccion: Digite el nombre del jugador
14/Sep/2021 16:19:17,365- MainSeleccion: Digite el nombre del jugador
14/Sep/2021 16:19:18,346- MainSeleccion: Digite el nombre del jugador
14/Sep/2021 16:19:19,259- MainSeleccion: Digite el nombre del jugador
14/Sep/2021 16:19:20,078- MainSeleccion: Digite el nombre del jugador
14/Sep/2021 16:19:21,220- MainSeleccion: Digite el nombre del jugador
14/Sep/2021 16:19:23,083- MainSeleccion: El nombre del jugador es: sdasdas
14/Sep/2021 16:19:23,083- MainSeleccion: El nombre del jugador es: james
14/Sep/2021 16:19:23,083- MainSeleccion: El nombre del jugador es: sdada
14/Sep/2021 16:19:23,084- MainSeleccion: El nombre del jugador es: fddggd
14/Sep/2021 16:19:23,084- MainSeleccion: El nombre del jugador es: sdsda
14/Sep/2021 16:19:23,084- MainSeleccion: El nombre del jugador es: fsafas
14/Sep/2021 16:19:23,084- MainSeleccion: El nombre del jugador es: sfasf
14/Sep/2021 16:19:23,085- MainSeleccion: El nombre del jugador es: sda
14/Sep/2021 16:19:23,085- MainSeleccion: El nombre del jugador es: fsfs
14/Sep/2021 16:19:23,085- MainSeleccion: El nombre del jugador es: wfs
14/Sep/2021 16:19:23,085- MainSeleccion: el jugador no esta
14/Sep/2021 16:26:04,714- MainSeleccion: Digite el nombre del jugador
14/Sep/2021 16:26:09,637- MainSeleccion: Digite el nombre del jugador
14/Sep/2021 16:26:14,691- MainSeleccion: Digite el nombre del jugador
14/Sep/2021 16:26:16,123- MainSeleccion: Digite el nombre del jugador
14/Sep/2021 16:26:17,325- MainSeleccion: Digite el nombre del jugador
14/Sep/2021 16:26:18,557- MainSeleccion: Digite el nombre del jugador
14/Sep/2021 16:26:19,559- MainSeleccion: Digite el nombre del jugador
14/Sep/2021 16:26:20,565- MainSeleccion: Digite el nombre del jugador
14/Sep/2021 16:26:21,522- MainSeleccion: Digite el nombre del jugador
14/Sep/2021 16:26:22,695- MainSeleccion: Digite el nombre del jugador
14/Sep/2021 16:26:23,716- MainSeleccion: El nombre del jugador es: dfsafd
14/Sep/2021 16:26:23,716- MainSeleccion: El nombre del jugador es: james
14/Sep/2021 16:26:23,716- MainSeleccion: El nombre del jugador es: fgdff
14/Sep/2021 16:26:23,716- MainSeleccion: El nombre del jugador es: dgfdefe
14/Sep/2021 16:26:23,717- MainSeleccion: El nombre del jugador es: sdsdw
14/Sep/2021 16:26:23,717- MainSeleccion: El nombre del jugador es: gfrgr
14/Sep/2021 16:26:23,717- MainSeleccion: El nombre del jugador es: dsdsa
14/Sep/2021 16:26:23,717- MainSeleccion: El nombre del jugador es: sdads
14/Sep/2021 16:26:23,718- MainSeleccion: El nombre del jugador es: gffhr
14/Sep/2021 16:26:23,718- MainSeleccion: El nombre del jugador es: dgd
14/Sep/2021 16:26:28,401- MainSeleccion: el jugador no esta
14/Sep/2021 16:29:29,476- MainSeleccion: Digite el nombre del jugador
14/Sep/2021 16:29:33,307- MainSeleccion: Digite el nombre del jugador
14/Sep/2021 16:29:35,907- MainSeleccion: Digite el nombre del jugador
14/Sep/2021 16:29:36,765- MainSeleccion: Digite el nombre del jugador
14/Sep/2021 16:29:37,739- MainSeleccion: Digite el nombre del jugador
14/Sep/2021 16:29:38,741- MainSeleccion: Digite el nombre del jugador
14/Sep/2021 16:29:39,622- MainSeleccion: Digite el nombre del jugador
14/Sep/2021 16:29:40,389- MainSeleccion: Digite el nombre del jugador
14/Sep/2021 16:29:41,081- MainSeleccion: Digite el nombre del jugador
14/Sep/2021 16:29:42,024- MainSeleccion: Digite el nombre del jugador
14/Sep/2021 16:29:43,133- MainSeleccion: El nombre del jugador es: sadas
14/Sep/2021 16:29:43,133- MainSeleccion: El nombre del jugador es: james
14/Sep/2021 16:29:43,134- MainSeleccion: El nombre del jugador es: dasda
14/Sep/2021 16:29:43,135- MainSeleccion: El nombre del jugador es: gdgdd
14/Sep/2021 16:29:43,136- MainSeleccion: El nombre del jugador es: hghg
14/Sep/2021 16:29:43,136- MainSeleccion: El nombre del jugador es: jhgjg
14/Sep/2021 16:29:43,136- MainSeleccion: El nombre del jugador es: fgfg
14/Sep/2021 16:29:43,136- MainSeleccion: El nombre del jugador es: dfd
14/Sep/2021 16:29:43,137- MainSeleccion: El nombre del jugador es: dfd
14/Sep/2021 16:29:43,137- MainSeleccion: El nombre del jugador es: fdfd
14/Sep/2021 16:29:46,125- MainSeleccion: el jugador no esta
14/Sep/2021 16:44:45,344- MainSeleccion: Digite el nombre del jugador
14/Sep/2021 16:44:48,524- MainSeleccion: Digite el nombre del jugador
14/Sep/2021 16:44:50,569- MainSeleccion: Digite el nombre del jugador
14/Sep/2021 16:44:51,720- MainSeleccion: Digite el nombre del jugador
14/Sep/2021 16:44:52,819- MainSeleccion: Digite el nombre del jugador
14/Sep/2021 16:44:53,781- MainSeleccion: Digite el nombre del jugador
14/Sep/2021 16:44:54,673- MainSeleccion: Digite el nombre del jugador
14/Sep/2021 16:44:55,808- MainSeleccion: Digite el nombre del jugador
14/Sep/2021 16:44:56,829- MainSeleccion: Digite el nombre del jugador
14/Sep/2021 16:44:58,156- MainSeleccion: Digite el nombre del jugador
14/Sep/2021 16:44:59,372- MainSeleccion: El nombre del jugador es: sdasda
14/Sep/2021 16:44:59,372- MainSeleccion: El nombre del jugador es: james
14/Sep/2021 16:44:59,372- MainSeleccion: El nombre del jugador es: gddfd
14/Sep/2021 16:44:59,373- MainSeleccion: El nombre del jugador es: hghgthgf
14/Sep/2021 16:44:59,373- MainSeleccion: El nombre del jugador es: fgdfgd
14/Sep/2021 16:44:59,373- MainSeleccion: El nombre del jugador es: dfsfds
14/Sep/2021 16:44:59,373- MainSeleccion: El nombre del jugador es: dfs
14/Sep/2021 16:44:59,373- MainSeleccion: El nombre del jugador es: hfghf
14/Sep/2021 16:44:59,374- MainSeleccion: El nombre del jugador es: hffhd
14/Sep/2021 16:44:59,374- MainSeleccion: El nombre del jugador es: fgdgdf
14/Sep/2021 16:47:21,452- MainSeleccion: Digite el nombre del jugador
14/Sep/2021 16:47:25,998- MainSeleccion: Digite el nombre del jugador
14/Sep/2021 16:47:29,554- MainSeleccion: El nombre del jugador es: james
14/Sep/2021 16:47:29,555- MainSeleccion: El nombre del jugador es: falcao
14/Sep/2021 16:52:34,777- MainSeleccion: Digite el nombre del jugador
14/Sep/2021 16:52:38,947- MainSeleccion: Digite el nombre del jugador
14/Sep/2021 16:52:41,576- MainSeleccion: El nombre del jugador es: james
14/Sep/2021 16:52:41,577- MainSeleccion: El nombre del jugador es: falcao
14/Sep/2021 16:54:38,781- MainSeleccion: Digite el nombre del jugador
14/Sep/2021 16:54:43,865- MainSeleccion: Digite el nombre del jugador
14/Sep/2021 16:54:46,506- MainSeleccion: El nombre del jugador es: james
14/Sep/2021 16:54:46,507- MainSeleccion: El nombre del jugador es: falcao
14/Sep/2021 16:55:24,219- MainSeleccion: Digite el nombre del jugador
14/Sep/2021 16:55:31,365- MainSeleccion: Digite el nombre del jugador
14/Sep/2021 16:55:33,882- MainSeleccion: El nombre del jugador es: james
14/Sep/2021 16:55:33,883- MainSeleccion: El nombre del jugador es: falcao
20/Sep/2021 17:07:44,831- MainPruebaFunciones: Digite el factorial que desee obtener
20/Sep/2021 17:08:20,300- MainPruebaFunciones: El factorial iterativo:120
20/Sep/2021 17:08:20,301- MainPruebaFunciones: El factorial recursivo120
20/Sep/2021 17:08:34,987- MainPruebaFunciones: Digite el factorial que desee obtener
20/Sep/2021 17:08:38,683- MainPruebaFunciones: El factorial iterativo:0
20/Sep/2021 17:08:38,684- MainPruebaFunciones: El factorial recursivo0
20/Sep/2021 17:15:53,646- MainPruebaFunciones: Digite el factorial que desee obtener
20/Sep/2021 17:16:04,464- MainPruebaFunciones: El factorial iterativo:120
20/Sep/2021 17:16:04,464- MainPruebaFunciones: El factorial recursivo120
20/Sep/2021 17:16:04,466- MainPruebaFunciones: Digite la base
20/Sep/2021 17:16:07,571- MainPruebaFunciones: Digite el exponente
20/Sep/2021 17:16:50,942- MainPruebaFunciones: Digite el factorial que desee obtener
20/Sep/2021 17:16:53,721- MainPruebaFunciones: El factorial iterativo:120
20/Sep/2021 17:16:53,722- MainPruebaFunciones: El factorial recursivo120
20/Sep/2021 17:16:53,723- MainPruebaFunciones: Digite la base
20/Sep/2021 17:16:56,930- MainPruebaFunciones: Digite el exponente
20/Sep/2021 17:16:58,333- MainPruebaFunciones: la potencia da:3125.0
20/Sep/2021 17:17:25,577- MainPruebaFunciones: Digite el factorial que desee obtener
20/Sep/2021 17:17:27,847- MainPruebaFunciones: El factorial iterativo:120
20/Sep/2021 17:17:27,848- MainPruebaFunciones: El factorial recursivo120
20/Sep/2021 17:17:27,848- MainPruebaFunciones: Digite la base
20/Sep/2021 17:17:31,357- MainPruebaFunciones: Digite el exponente
20/Sep/2021 17:17:32,863- MainPruebaFunciones: la potencia da:25.0
20/Sep/2021 17:42:27,204- Mcd: mcd (96,36)=12
20/Sep/2021 20:02:25,492- Mcd: inicio de mcd(96, 36)
20/Sep/2021 20:02:25,493- Mcd: fin de mcd(96, 36)
20/Sep/2021 20:02:25,493- Mcd: inicio de mcd(96, 36)
20/Sep/2021 20:02:25,494- Mcd: fin de mcd(96, 36)
20/Sep/2021 20:02:25,494- Mcd: inicio de mcd(96, 36)
20/Sep/2021 20:02:25,494- Mcd: fin de mcd(96, 36)
20/Sep/2021 20:02:25,494- Mcd: inicio de mcd(96, 36)
20/Sep/2021 20:02:25,495- Mcd: fin de mcd(96, 36)
20/Sep/2021 20:02:25,495- Mcd: mcd (96,36)=12
20/Sep/2021 21:04:05,335- Mcd: 2.0737240167276587
20/Sep/2021 21:15:33,970- MainSucesion: 2.0737240167276587
20/Sep/2021 21:15:33,977- MainSucesion: la cantidad de veces que se ejecuta el metodo:177
20/Sep/2021 21:25:58,674- MainSucesion: 1.9200000000000002
20/Sep/2021 21:25:58,678- MainSucesion: la cantidad de veces que se ejecuta el metodo:3
20/Sep/2021 21:27:17,824- MainSucesion: 1.9472
20/Sep/2021 21:27:17,830- MainSucesion: la cantidad de veces que se ejecuta el metodo:5
20/Sep/2021 21:28:36,281- MainSucesion: 2.0737240167276587
20/Sep/2021 21:28:36,286- MainSucesion: la cantidad de veces que se ejecuta el metodo:177
20/Sep/2021 21:35:15,042- MainSucesion: 6.188653075600001
20/Sep/2021 21:35:15,046- MainSucesion: la cantidad de veces que se ejecuta el metodo:25
20/Sep/2021 21:35:32,364- MainSucesion: 5.188254503245001
20/Sep/2021 21:35:32,369- MainSucesion: la cantidad de veces que se ejecuta el metodo:41
20/Sep/2021 21:38:50,010- MainSucesion: 2.0737240167276587
20/Sep/2021 21:38:50,014- MainSucesion: la cantidad de veces que se ejecuta el metodo:177
20/Sep/2021 21:39:17,557- MainSucesion: 1.9472
20/Sep/2021 21:39:17,561- MainSucesion: la cantidad de veces que se ejecuta el metodo:5
20/oct/2021 11:40:28,268- Main: ChocoRamo
20/oct/2021 11:40:28,282- Main: Gansito
20/oct/2021 11:40:28,283- Main: ChocoCono
20/oct/2021 11:40:28,283- Main: Muffin
20/oct/2021 11:40:28,283- Main: Gala
20/oct/2021 11:40:28,284- Main: Oreo
20/oct/2021 11:40:28,284- Main: Saltinas
20/oct/2021 11:40:28,285- Main: YogoYogo
20/oct/2021 11:40:28,285- Main: Gusanitos
20/oct/2021 11:40:28,285- Main: Frunas
20/oct/2021 11:40:28,286- Main: ChocoRamo
20/oct/2021 11:40:28,286- Main: Gansito
20/oct/2021 11:40:28,287- Main: ChocoCono
20/oct/2021 11:40:28,287- Main: Muffin
20/oct/2021 11:40:28,287- Main: Gala
20/oct/2021 11:40:28,288- Main: Oreo
20/oct/2021 11:40:28,288- Main: Saltinas
20/oct/2021 11:40:28,289- Main: YogoYogo
20/oct/2021 11:40:28,289- Main: Gusanitos
20/oct/2021 11:40:28,289- Main: Frunas
20/oct/2021 11:41:38,766- Main: imprimiendo con iterador
20/oct/2021 11:41:38,768- Main: ChocoRamo
20/oct/2021 11:41:38,768- Main: Gansito
20/oct/2021 11:41:38,768- Main: ChocoCono
20/oct/2021 11:41:38,769- Main: Muffin
20/oct/2021 11:41:38,769- Main: Gala
20/oct/2021 11:41:38,769- Main: Oreo
20/oct/2021 11:41:38,770- Main: Saltinas
20/oct/2021 11:41:38,770- Main: YogoYogo
20/oct/2021 11:41:38,770- Main: Gusanitos
20/oct/2021 11:41:38,771- Main: Frunas
20/oct/2021 11:41:38,771- Main: imprimiendo sin iterador
20/oct/2021 11:41:38,771- Main: ChocoRamo
20/oct/2021 11:41:38,772- Main: Gansito
20/oct/2021 11:41:38,772- Main: ChocoCono
20/oct/2021 11:41:38,773- Main: Muffin
20/oct/2021 11:41:38,773- Main: Gala
20/oct/2021 11:41:38,774- Main: Oreo
20/oct/2021 11:41:38,774- Main: Saltinas
20/oct/2021 11:41:38,774- Main: YogoYogo
20/oct/2021 11:41:38,775- Main: Gusanitos
20/oct/2021 11:41:38,775- Main: Frunas
20/oct/2021 11:45:58,104- Main: imprimiendo con iterador
20/oct/2021 12:19:04,102- Main: imprimiendo con iterador
20/oct/2021 12:19:46,244- Main: imprimiendo con iterador
20/oct/2021 12:20:41,772- Main: imprimiendo con iterador
20/oct/2021 12:20:41,774- Main: ChocoRamo
20/oct/2021 12:20:41,774- Main: Gansito
20/oct/2021 12:20:41,774- Main: ChocoCono
20/oct/2021 12:20:41,775- Main: Muffin
20/oct/2021 12:20:41,775- Main: Gala
20/oct/2021 12:20:41,775- Main: Oreo
20/oct/2021 12:20:41,776- Main: Saltinas
20/oct/2021 12:20:41,776- Main: YogoYogo
20/oct/2021 12:20:41,776- Main: Gusanitos
20/oct/2021 12:20:41,776- Main: Frunas
20/oct/2021 12:20:41,777- Main: imprimiendo sin iterador
20/oct/2021 12:20:41,777- Main: ChocoRamo
20/oct/2021 12:20:41,777- Main: Gansito
20/oct/2021 12:20:41,778- Main: ChocoCono
20/oct/2021 12:20:41,778- Main: Muffin
20/oct/2021 12:20:41,779- Main: Gala
20/oct/2021 12:20:41,779- Main: Oreo
20/oct/2021 12:20:41,779- Main: Saltinas
20/oct/2021 12:20:41,779- Main: YogoYogo
20/oct/2021 12:20:41,780- Main: Gusanitos
20/oct/2021 12:20:41,780- Main: Frunas
20/oct/2021 12:25:32,774- Main: imprimiendo con iterador
20/oct/2021 12:25:32,777- Main: imprimiendo sin iterador
20/oct/2021 12:27:57,670- Main: imprimiendo con iterador
20/oct/2021 12:27:57,671- Main: ChocoRamo
20/oct/2021 12:27:57,672- Main: Gansito
20/oct/2021 12:27:57,672- Main: ChocoCono
20/oct/2021 12:27:57,672- Main: Muffin
20/oct/2021 12:27:57,673- Main: Gala
20/oct/2021 12:27:57,673- Main: Oreo
20/oct/2021 12:27:57,673- Main: Saltinas
20/oct/2021 12:27:57,674- Main: YogoYogo
20/oct/2021 12:27:57,674- Main: Gusanitos
20/oct/2021 12:27:57,674- Main: Frunas
20/oct/2021 12:27:57,674- Main: imprimiendo sin iterador
20/oct/2021 12:27:57,675- Main: ChocoRamo
20/oct/2021 12:27:57,675- Main: Gansito
20/oct/2021 12:27:57,676- Main: ChocoCono
20/oct/2021 12:27:57,676- Main: Muffin
20/oct/2021 12:27:57,677- Main: Gala
20/oct/2021 12:27:57,678- Main: Oreo
20/oct/2021 12:27:57,678- Main: Saltinas
20/oct/2021 12:27:57,678- Main: YogoYogo
20/oct/2021 12:27:57,678- Main: Gusanitos
20/oct/2021 12:27:57,679- Main: Frunas
20/oct/2021 12:36:23,617- Main: imprimiendo con iterador
20/oct/2021 12:36:23,619- Main: ChocoRamo
20/oct/2021 12:36:23,619- Main: Gansito
20/oct/2021 12:36:23,619- Main: ChocoCono
20/oct/2021 12:36:23,620- Main: Muffin
20/oct/2021 12:36:23,620- Main: Gala
20/oct/2021 12:36:23,620- Main: Oreo
20/oct/2021 12:36:23,621- Main: Saltinas
20/oct/2021 12:36:23,622- Main: YogoYogo
20/oct/2021 12:36:23,622- Main: Gusanitos
20/oct/2021 12:36:23,622- Main: Frunas
20/oct/2021 12:37:16,534- Main: imprimiendo con iterador
20/oct/2021 12:37:16,536- Main: ChocoRamo
20/oct/2021 12:37:16,536- Main: 0
20/oct/2021 12:37:16,537- Main: Gansito
20/oct/2021 12:37:16,537- Main: 1
20/oct/2021 12:37:16,537- Main: ChocoCono
20/oct/2021 12:37:16,538- Main: 2
20/oct/2021 12:37:16,538- Main: Muffin
20/oct/2021 12:37:16,538- Main: 3
20/oct/2021 12:37:16,539- Main: Gala
20/oct/2021 12:37:16,539- Main: 4
20/oct/2021 12:37:16,539- Main: Oreo
20/oct/2021 12:37:16,540- Main: 5
20/oct/2021 12:37:16,543- Main: Saltinas
20/oct/2021 12:37:16,544- Main: 6
20/oct/2021 12:37:16,544- Main: YogoYogo
20/oct/2021 12:37:16,545- Main: 7
20/oct/2021 12:37:16,545- Main: Gusanitos
20/oct/2021 12:37:16,546- Main: 8
20/oct/2021 12:37:16,546- Main: Frunas
20/oct/2021 12:37:16,547- Main: 9
20/oct/2021 12:56:34,415- Main: imprimiendo con iterador
20/oct/2021 12:56:34,427- Main: ChocoRamo
20/oct/2021 12:56:34,429- Main: 1
20/oct/2021 12:56:34,429- Main: Gansito
20/oct/2021 12:56:34,430- Main: 2
20/oct/2021 12:56:34,431- Main: ChocoCono
20/oct/2021 12:56:34,431- Main: 3
20/oct/2021 12:56:34,433- Main: Muffin
20/oct/2021 12:56:34,435- Main: 4
20/oct/2021 12:56:34,435- Main: Gala
20/oct/2021 12:56:34,435- Main: 5
20/oct/2021 12:56:34,436- Main: Oreo
20/oct/2021 12:56:34,436- Main: 6
20/oct/2021 12:56:34,436- Main: Saltinas
20/oct/2021 12:56:34,437- Main: 7
20/oct/2021 12:56:34,438- Main: YogoYogo
20/oct/2021 12:56:34,438- Main: 8
20/oct/2021 12:56:34,438- Main: Gusanitos
20/oct/2021 12:56:34,439- Main: 9
20/oct/2021 12:56:34,439- Main: Frunas
20/oct/2021 12:56:34,440- Main: 10
20/oct/2021 12:56:34,440- Main: imprimiendo sin iterador
20/oct/2021 12:56:34,441- Main: ChocoRamo
20/oct/2021 12:56:34,441- Main: Gansito
20/oct/2021 12:56:34,441- Main: ChocoCono
20/oct/2021 12:56:34,442- Main: Muffin
20/oct/2021 12:56:34,442- Main: Gala
20/oct/2021 12:56:34,442- Main: Oreo
20/oct/2021 12:56:34,443- Main: Saltinas
20/oct/2021 12:56:34,443- Main: YogoYogo
20/oct/2021 12:56:34,443- Main: Gusanitos
20/oct/2021 12:56:34,444- Main: Frunas
20/oct/2021 12:57:42,856- Main: imprimiendo con iterador
20/oct/2021 12:57:42,858- Main: ChocoRamo
20/oct/2021 12:57:42,858- Main: 1
20/oct/2021 12:57:42,859- Main: Gansito
20/oct/2021 12:57:42,862- Main: 2
20/oct/2021 12:57:42,863- Main: ChocoCono
20/oct/2021 12:57:42,864- Main: 3
20/oct/2021 12:57:42,865- Main: Muffin
20/oct/2021 12:57:42,865- Main: 4
20/oct/2021 12:57:42,865- Main: Gala
20/oct/2021 12:57:42,866- Main: 5
20/oct/2021 12:57:42,866- Main: Oreo
20/oct/2021 12:57:42,867- Main: 6
20/oct/2021 12:57:42,867- Main: Saltinas
20/oct/2021 12:57:42,869- Main: 7
20/oct/2021 12:57:42,870- Main: YogoYogo
20/oct/2021 12:57:42,872- Main: 8
20/oct/2021 12:57:42,872- Main: Gusanitos
20/oct/2021 12:57:42,873- Main: 9
20/oct/2021 12:57:42,883- Main: Frunas
20/oct/2021 12:57:42,883- Main: 10
20/oct/2021 12:57:42,884- Main: imprimiendo sin iterador
20/oct/2021 12:57:42,884- Main: ChocoRamo
20/oct/2021 12:57:42,885- Main: Gansito
20/oct/2021 12:57:42,885- Main: ChocoCono
20/oct/2021 12:57:42,885- Main: Muffin
20/oct/2021 12:57:42,885- Main: Gala
20/oct/2021 12:57:42,886- Main: Oreo
20/oct/2021 12:57:42,886- Main: Saltinas
20/oct/2021 12:57:42,886- Main: YogoYogo
20/oct/2021 12:57:42,902- Main: Gusanitos
20/oct/2021 12:57:42,902- Main: Frunas
20/oct/2021 12:57:42,905- Main: Encontrado
20/oct/2021 15:59:29,658- Main: la lista esta vacia
20/oct/2021 16:05:53,820- Main: la lista esta vacia
20/oct/2021 16:07:17,526- Main: la lista esta vacia
20/oct/2021 16:07:17,529- Main: elemento ingresado
20/oct/2021 16:07:17,529- Main: elemento ingresado
20/oct/2021 16:12:13,233- Main: la lista esta vacia
20/oct/2021 16:12:13,235- Main: elemento ingresado
20/oct/2021 16:12:13,236- Main: elemento ingresado
20/oct/2021 16:14:33,304- Main: la lista esta vacia
20/oct/2021 16:14:33,307- Main: elemento ingresado
20/oct/2021 16:14:33,308- Main: elemento ingresado
20/oct/2021 16:14:33,308- Main: 15
20/oct/2021 16:47:38,703- Main: la lista esta vacia
20/oct/2021 16:47:38,708- Main: elemento ingresado
20/oct/2021 16:47:38,708- Main: elemento ingresado
20/oct/2021 16:47:38,709- Main: 15
20/oct/2021 16:49:02,818- Main: la lista esta vacia
20/oct/2021 16:49:02,834- Main: elemento ingresado
20/oct/2021 16:49:02,834- Main: elemento ingresado
20/oct/2021 16:49:02,835- Main: 15
20/oct/2021 16:49:02,835- Main: elemento eliminado
20/oct/2021 16:49:02,836- Main: co.edu.ucundinamarca.taller4_1.ListaSimple$Nodo@7a46a697
20/oct/2021 16:49:52,116- Main: la lista esta vacia
20/oct/2021 16:49:52,118- Main: elemento ingresado
20/oct/2021 16:49:52,119- Main: elemento ingresado
20/oct/2021 16:49:52,120- Main: 15
20/oct/2021 16:49:52,121- Main: elemento eliminado
20/oct/2021 16:49:52,121- Main: 
20/oct/2021 16:50:47,626- Main: la lista esta vacia
20/oct/2021 16:50:47,629- Main: elemento ingresado
20/oct/2021 16:50:47,629- Main: elemento ingresado
20/oct/2021 16:50:47,630- Main: 15
20/oct/2021 16:50:47,630- Main: elemento eliminado
20/oct/2021 16:50:47,631- Main: 
20/oct/2021 16:50:47,631- Main: la lista esta vacia
20/oct/2021 16:55:20,059- Main: la lista esta vacia
20/oct/2021 16:55:20,060- Main: elemento ingresado
20/oct/2021 16:55:20,061- Main: elemento ingresado
20/oct/2021 16:55:20,061- Main: 15
20/oct/2021 16:55:20,061- Main: elemento eliminado
20/oct/2021 16:55:20,061- Main: 
20/oct/2021 16:55:20,061- Main: la lista esta vacia
20/oct/2021 16:56:20,335- Main: la lista esta vacia
20/oct/2021 16:56:20,337- Main: elemento ingresado
20/oct/2021 16:56:20,337- Main: elemento ingresado
20/oct/2021 16:56:20,338- Main: 15
20/oct/2021 16:56:20,338- Main: elemento eliminado
20/oct/2021 16:56:20,339- Main: 
20/oct/2021 16:56:20,339- Main: la lista esta vacia
20/oct/2021 16:56:44,402- Main: la lista esta vacia
20/oct/2021 16:56:44,404- Main: elemento ingresado
20/oct/2021 16:56:44,404- Main: elemento ingresado
20/oct/2021 16:56:44,404- Main: 15
20/oct/2021 16:56:44,405- Main: elemento eliminado
20/oct/2021 16:56:44,405- Main: 
20/oct/2021 16:56:44,406- Main: la lista esta vacia
20/oct/2021 16:58:02,286- Main: la lista esta vacia
20/oct/2021 16:58:02,288- Main: elemento ingresado
20/oct/2021 16:58:02,288- Main: elemento ingresado
20/oct/2021 16:58:02,289- Main: 15
20/oct/2021 16:58:02,289- Main: elemento eliminado
20/oct/2021 16:58:02,290- Main: 
20/oct/2021 16:58:02,291- Main: la lista esta vacia
20/oct/2021 17:00:21,604- Main: la lista esta vacia
20/oct/2021 17:00:21,608- Main: elemento ingresado
20/oct/2021 17:00:21,608- Main: elemento ingresado
20/oct/2021 17:00:21,610- Main: 15
20/oct/2021 17:00:21,612- Main: elemento eliminado
20/oct/2021 17:00:21,613- Main: 
20/oct/2021 17:00:21,614- Main: la lista esta vacia
20/oct/2021 17:01:16,066- Main: la lista esta vacia
20/oct/2021 17:01:16,067- Main: elemento ingresado
20/oct/2021 17:01:16,067- Main: elemento ingresado
20/oct/2021 17:01:16,068- Main: 15
20/oct/2021 17:01:16,068- Main: elemento eliminado
20/oct/2021 17:01:16,068- Main: 
20/oct/2021 17:01:16,069- Main: la lista tiene elementos
20/oct/2021 17:08:20,907- Main: la lista esta vacia
20/oct/2021 17:08:20,909- Main: elemento ingresado
20/oct/2021 17:08:20,909- Main: elemento ingresado
20/oct/2021 17:08:20,909- Main: 15
20/oct/2021 17:08:20,910- Main: elemento eliminado
20/oct/2021 17:08:20,910- Main: 
20/oct/2021 17:08:20,910- Main: la lista tiene elementos
20/oct/2021 17:08:20,911- Main: elementos eliminados
20/oct/2021 17:08:20,911- Main: la lista esta vacia
20/oct/2021 17:09:57,115- Main: la lista esta vacia
20/oct/2021 17:09:57,117- Main: elemento ingresado
20/oct/2021 17:09:57,117- Main: elemento ingresado
20/oct/2021 17:09:57,118- Main: 15
20/oct/2021 17:09:57,118- Main: elemento eliminado
20/oct/2021 17:09:57,118- Main: 
20/oct/2021 17:09:57,119- Main: la lista tiene elementos
20/oct/2021 17:09:57,119- Main: elementos eliminados
20/oct/2021 17:09:57,119- Main: la lista esta vacia
20/oct/2021 17:09:57,120- Main: 0
20/oct/2021 19:57:03,872- Main: co.edu.ucundinamarca.taller4_1.ListaDoble$NodoDoble@277c0f21
20/oct/2021 19:57:20,033- Main: 13
20/oct/2021 20:41:34,762- Main: Nodo encontrado
20/oct/2021 20:41:34,764- Main: 13
20/oct/2021 20:42:45,857- Main: la lista esta vacia
20/oct/2021 20:42:45,860- Main: elemento ingresado
20/oct/2021 20:42:45,860- Main: elemento ingresado
20/oct/2021 20:42:45,861- Main: 15
20/oct/2021 20:42:45,862- Main: elemento eliminado
20/oct/2021 20:42:45,862- Main: 
20/oct/2021 20:42:45,863- Main: la lista tiene elementos
20/oct/2021 20:42:45,863- Main: elementos eliminados
20/oct/2021 20:42:45,864- Main: la lista esta vacia
20/oct/2021 20:42:45,864- Main: 0
20/oct/2021 21:05:25,691- Main: Nodo encontrado
20/oct/2021 21:05:25,693- Main: 13
20/oct/2021 21:06:02,581- Main: Nodo encontrado
20/oct/2021 21:06:02,584- Main: 13
20/oct/2021 21:10:13,316- Main: Nodo encontrado
20/oct/2021 21:10:13,318- Main: 13
20/oct/2021 21:14:44,658- Main: Nodo encontrado
20/oct/2021 21:14:44,660- Main: 13
20/oct/2021 21:15:39,067- Main: Nodo encontrado
20/oct/2021 21:15:39,068- Main: 13
20/oct/2021 21:15:58,948- Main: Nodo encontrado
20/oct/2021 21:15:58,950- Main: 13
20/oct/2021 21:18:26,274- Main: Nodo encontrado
20/oct/2021 21:18:26,276- Main: 13
20/oct/2021 21:21:26,595- Main: Nodo encontrado
20/oct/2021 21:21:26,596- Main: 13
20/oct/2021 21:23:38,825- Main: Nodo encontrado
20/oct/2021 21:23:38,841- Main: 13
20/oct/2021 21:37:50,652- Main: imprimiendo con iterador
20/oct/2021 21:37:50,653- Main: ChocoRamo
20/oct/2021 21:37:50,654- Main: 1
20/oct/2021 21:37:50,654- Main: Gansito
20/oct/2021 21:37:50,655- Main: 2
20/oct/2021 21:37:50,655- Main: ChocoCono
20/oct/2021 21:37:50,655- Main: 3
20/oct/2021 21:37:50,656- Main: Muffin
20/oct/2021 21:37:50,656- Main: 4
20/oct/2021 21:37:50,656- Main: Gala
20/oct/2021 21:37:50,657- Main: 5
20/oct/2021 21:37:50,657- Main: Oreo
20/oct/2021 21:37:50,657- Main: 6
20/oct/2021 21:37:50,657- Main: Saltinas
20/oct/2021 21:37:50,658- Main: 7
20/oct/2021 21:37:50,658- Main: YogoYogo
20/oct/2021 21:37:50,658- Main: 8
20/oct/2021 21:37:50,659- Main: Gusanitos
20/oct/2021 21:37:50,659- Main: 9
20/oct/2021 21:37:50,660- Main: Frunas
20/oct/2021 21:37:50,660- Main: 10
20/oct/2021 21:37:50,661- Main: imprimiendo sin iterador
20/oct/2021 21:37:50,662- Main: ChocoRamo
20/oct/2021 21:37:50,662- Main: Gansito
20/oct/2021 21:37:50,662- Main: ChocoCono
20/oct/2021 21:37:50,663- Main: Muffin
20/oct/2021 21:37:50,663- Main: Gala
20/oct/2021 21:37:50,663- Main: Oreo
20/oct/2021 21:37:50,664- Main: Saltinas
20/oct/2021 21:37:50,664- Main: YogoYogo
20/oct/2021 21:37:50,665- Main: Gusanitos
20/oct/2021 21:37:50,665- Main: Frunas
20/oct/2021 21:37:50,666- Main: Encontrado
20/oct/2021 21:38:46,877- Main: Nodo encontrado
20/oct/2021 21:38:46,879- Main: 13
20/oct/2021 21:38:55,604- Main: la lista esta vacia
20/oct/2021 21:38:55,606- Main: elemento ingresado
20/oct/2021 21:38:55,607- Main: elemento ingresado
20/oct/2021 21:38:55,608- Main: 15
20/oct/2021 21:39:36,401- Main: la lista esta vacia
20/oct/2021 21:39:36,403- Main: elemento ingresado
20/oct/2021 21:39:36,403- Main: elemento ingresado
20/oct/2021 21:39:36,404- Main: 15
20/oct/2021 21:40:58,132- Main: la lista esta vacia
20/oct/2021 21:40:58,136- Main: elemento ingresado
20/oct/2021 21:40:58,137- Main: elemento ingresado
20/oct/2021 21:40:58,137- Main: 15
20/oct/2021 21:42:47,361- Main: la lista esta vacia
20/oct/2021 21:42:47,364- Main: elemento ingresado
20/oct/2021 21:42:47,365- Main: elemento ingresado
20/oct/2021 21:42:47,366- Main: 15
20/oct/2021 21:42:47,368- Main: elementos eliminados
20/oct/2021 21:42:47,370- Main: la lista esta vacia
20/oct/2021 21:42:47,370- Main: 0
20/oct/2021 21:44:09,168- Main: la lista esta vacia
20/oct/2021 21:44:09,170- Main: elemento ingresado
20/oct/2021 21:44:09,170- Main: elemento ingresado
20/oct/2021 21:44:09,171- Main: 15
20/oct/2021 21:44:09,171- Main: elemento eliminado15
20/oct/2021 21:44:09,172- Main: elementos eliminados
20/oct/2021 21:44:09,172- Main: la lista esta vacia
20/oct/2021 21:44:09,172- Main: 0
